;! output_format 5.3
; header 116438274224
;
;                          PrimeTime-PX (TM)
;
;           Version H-2012.12-SP2 for RHEL32 -- Mar 01, 2013
;                Copyright (c) 2000-2013 Synopsys, Inc.
;                         ALL RIGHTS RESERVED
;

;
.time_resolution 0.01
.hier_separator /
.index Pc(pp_root) 1 Pc
.index Pc(spc) 2 Pc
.index Pc(spc/fgu) 3 Pc
.index Pc(spc/dec) 4 Pc
.index Pc(spc/tlu) 5 Pc
.index Pc(spc/lsu) 6 Pc
.index Pc(spc/gkt) 7 Pc
.index Pc(spc/ifu_cmu) 8 Pc
.index Pc(spc/ifu_ibu) 9 Pc
.index Pc(spc/ifu_ftu) 10 Pc
.index Pc(spc/mmu) 11 Pc
.index Pc(spc/exu0) 12 Pc
.index Pc(spc/exu1) 13 Pc
.index Pc(spc/pku) 14 Pc
.index Pc(spc/pmu) 15 Pc
1000
14  7.529e-02
9  1.574e-01
7  9.269e-02
4  2.567e-02
15  3.152e-02
8  5.140e-02
13  7.587e-02
12  7.525e-02
3  3.390e-01
11  2.017e-01
5  2.609e-01
10  1.847e-01
1  1.821e+00
2  1.821e+00
6  2.081e-01
1071
13  7.403e-02
11  1.994e-01
8  4.609e-02
7  9.160e-02
4  2.127e-02
3  3.350e-01
6  2.023e-01
14  6.815e-02
15  3.072e-02
10  1.765e-01
5  2.606e-01
9  1.443e-01
12  7.410e-02
1  1.764e+00
2  1.764e+00
1142
14  7.153e-02
13  7.379e-02
11  2.011e-01
9  1.533e-01
8  4.885e-02
7  9.289e-02
4  2.272e-02
3  3.330e-01
5  2.597e-01
10  1.827e-01
15  3.111e-02
12  7.452e-02
6  2.018e-01
1  1.786e+00
2  1.786e+00
1213
15  3.123e-02
14  7.360e-02
11  1.997e-01
9  1.536e-01
8  4.791e-02
7  9.322e-02
4  2.399e-02
3  3.378e-01
6  2.039e-01
10  1.803e-01
5  2.621e-01
13  7.738e-02
12  7.468e-02
1  1.799e+00
2  1.799e+00
1284
15  3.278e-02
14  7.410e-02
13  7.846e-02
11  2.192e-01
9  1.591e-01
8  5.225e-02
7  9.644e-02
4  2.322e-02
3  3.548e-01
6  2.130e-01
10  1.935e-01
5  2.770e-01
12  7.869e-02
1  1.895e+00
2  1.895e+00
1355
14  7.340e-02
11  2.017e-01
7  9.280e-02
5  2.615e-01
6  2.022e-01
8  4.922e-02
9  1.542e-01
10  1.811e-01
13  7.599e-02
4  2.364e-02
12  7.381e-02
3  3.356e-01
15  3.147e-02
1  1.796e+00
2  1.796e+00
1426
11  2.002e-01
9  1.489e-01
14  7.044e-02
13  7.552e-02
12  7.404e-02
6  2.057e-01
3  3.358e-01
8  4.739e-02
10  1.784e-01
15  3.088e-02
5  2.639e-01
4  2.333e-02
7  9.129e-02
1  1.785e+00
2  1.785e+00
1497
14  6.879e-02
12  7.536e-02
7  9.054e-02
4  2.270e-02
11  2.038e-01
9  1.472e-01
13  7.367e-02
15  3.120e-02
10  1.800e-01
5  2.615e-01
3  3.343e-01
6  2.029e-01
8  4.716e-02
1  1.779e+00
2  1.779e+00
1568
12  7.434e-02
14  7.502e-02
9  1.583e-01
11  2.011e-01
7  9.495e-02
13  7.671e-02
3  3.376e-01
8  4.965e-02
15  3.125e-02
10  1.816e-01
4  2.441e-02
5  2.639e-01
6  2.058e-01
1  1.814e+00
2  1.814e+00
1639
9  1.587e-01
10  1.931e-01
14  7.422e-02
7  9.738e-02
15  3.314e-02
13  7.944e-02
12  7.957e-02
3  3.582e-01
8  5.065e-02
4  2.324e-02
5  2.858e-01
11  2.210e-01
6  2.172e-01
1  1.914e+00
2  1.914e+00
1710
15  3.168e-02
14  7.480e-02
13  7.546e-02
11  2.036e-01
9  1.601e-01
8  5.335e-02
7  9.543e-02
4  2.525e-02
3  3.366e-01
6  2.060e-01
5  2.652e-01
12  7.591e-02
10  1.865e-01
1  1.829e+00
2  1.829e+00
1781
14  7.190e-02
13  7.535e-02
11  2.013e-01
9  1.510e-01
8  4.654e-02
7  8.934e-02
4  2.331e-02
6  2.019e-01
10  1.784e-01
15  3.075e-02
12  7.379e-02
3  3.348e-01
5  2.650e-01
1  1.783e+00
2  1.783e+00
1852
15  3.117e-02
14  7.334e-02
13  7.387e-02
11  2.059e-01
9  1.566e-01
8  5.242e-02
7  9.386e-02
4  2.233e-02
6  2.015e-01
10  1.850e-01
12  7.393e-02
3  3.346e-01
5  2.599e-01
1  1.804e+00
2  1.804e+00
1923
15  3.078e-02
14  7.308e-02
13  7.492e-02
11  2.030e-01
9  1.500e-01
8  4.698e-02
7  9.247e-02
4  2.314e-02
3  3.345e-01
6  2.007e-01
10  1.787e-01
5  2.617e-01
12  7.369e-02
1  1.783e+00
2  1.783e+00
1994
14  2.776e-17
9  1.388e-17
7  6.245e-17
4  0.000e+00
15  0.000e+00
8  0.000e+00
13  6.939e-18
12 -6.939e-18
3  1.769e-15
11 -2.359e-15
5 -3.712e-15
10 -1.318e-16
1  7.149e-13
2  7.149e-13
6 -1.041e-15
; file closed at 20ns
; trailer 819505344
