/cad/synopsys/icc/2011.09-SP1/auxx/gui/icc/icc_setup.tcl
/cad/synopsys/icc/2011.09-SP1/auxx/gui/syn/snpsSynProcs.tcl
/cad/synopsys/icc/2011.09-SP1/auxx/tcllib/lib/tcl8.4/package.tcl
/cad/synopsys/icc/2011.09-SP1/auxx/gui/syn/layout/pkgIndex.tcl
/cad/synopsys/icc/2011.09-SP1/auxx/gui/common/WindowFrameWork/pkgIndex.tcl
/cad/synopsys/icc/2011.09-SP1/auxx/gui/common/dialogs/pkgIndex.tcl
/cad/synopsys/icc/2011.09-SP1/auxx/gui/common/docBrowser/pkgIndex.tcl
/cad/synopsys/icc/2011.09-SP1/auxx/gui/common/fanoutviewer/pkgIndex.tcl
/cad/synopsys/icc/2011.09-SP1/auxx/gui/common/hierarchy/pkgIndex.tcl
/cad/synopsys/icc/2011.09-SP1/auxx/gui/common/highlight/pkgIndex.tcl
/cad/synopsys/icc/2011.09-SP1/auxx/gui/common/histogram/pkgIndex.tcl
/cad/synopsys/icc/2011.09-SP1/auxx/gui/common/layout/pkgIndex.tcl
/cad/synopsys/icc/2011.09-SP1/auxx/gui/common/libviewer/pkgIndex.tcl
/cad/synopsys/icc/2011.09-SP1/auxx/gui/common/menus/pkgIndex.tcl
/cad/synopsys/icc/2011.09-SP1/auxx/gui/common/misc/pkgIndex.tcl
/cad/synopsys/icc/2011.09-SP1/auxx/gui/common/opdlg/pkgIndex.tcl
/cad/synopsys/icc/2011.09-SP1/auxx/gui/common/pathinspector/pkgIndex.tcl
/cad/synopsys/icc/2011.09-SP1/auxx/gui/common/profiler/pkgIndex.tcl
/cad/synopsys/icc/2011.09-SP1/auxx/gui/common/qtcl/pkgIndex.tcl
/cad/synopsys/icc/2011.09-SP1/auxx/gui/common/regressionToolkit/pkgIndex.tcl
/cad/synopsys/icc/2011.09-SP1/auxx/gui/common/schematic/pkgIndex.tcl
/cad/synopsys/icc/2011.09-SP1/auxx/gui/common/select/pkgIndex.tcl
/cad/synopsys/icc/2011.09-SP1/auxx/gui/common/setup/pkgIndex.tcl
/cad/synopsys/icc/2011.09-SP1/auxx/gui/common/strokes/pkgIndex.tcl
/cad/synopsys/icc/2011.09-SP1/auxx/gui/common/table/pkgIndex.tcl
/cad/synopsys/icc/2011.09-SP1/auxx/gui/common/tcl-dp/pkgIndex.tcl
/cad/synopsys/icc/2011.09-SP1/auxx/gui/common/timing/pkgIndex.tcl
/cad/synopsys/icc/2011.09-SP1/auxx/gui/common/view/pkgIndex.tcl
/cad/synopsys/icc/2011.09-SP1/auxx/tcllib/snps_tcl/snpsTclPro/pkgIndex.tcl
/cad/synopsys/icc/2011.09-SP1/auxx/tcllib/snps_tcl/snpsTest/pkgIndex.tcl
/cad/synopsys/icc/2011.09-SP1/auxx/tcllib/snps_tcl/snpsUtils/pkgIndex.tcl
/cad/synopsys/icc/2011.09-SP1/auxx/tcllib/snps_tcl/pkgIndex.tcl
/cad/synopsys/icc/2011.09-SP1/auxx/tcllib/lib/tcl8.4/dde/pkgIndex.tcl
/cad/synopsys/icc/2011.09-SP1/auxx/tcllib/lib/tcl8.4/http/pkgIndex.tcl
/cad/synopsys/icc/2011.09-SP1/auxx/tcllib/lib/tcl8.4/http1.0/pkgIndex.tcl
/cad/synopsys/icc/2011.09-SP1/auxx/tcllib/lib/tcl8.4/msgcat/pkgIndex.tcl
/cad/synopsys/icc/2011.09-SP1/auxx/tcllib/lib/tcl8.4/opt/pkgIndex.tcl
/cad/synopsys/icc/2011.09-SP1/auxx/tcllib/lib/tcl8.4/reg/pkgIndex.tcl
/cad/synopsys/icc/2011.09-SP1/auxx/tcllib/lib/tcl8.4/tcltest/pkgIndex.tcl
/cad/synopsys/icc/2011.09-SP1/auxx/gui/common/setup/snpsCommonSetup.tcl
/cad/synopsys/icc/2011.09-SP1/auxx/gui/common/setup/snpsCustomize.tcl
/cad/synopsys/icc/2011.09-SP1/auxx/gui/common/setup/snpsProcheck.tcl
/cad/synopsys/icc/2011.09-SP1/auxx/gui/common/qtcl/.synopsys_qtcl.tcl
/cad/synopsys/icc/2011.09-SP1/auxx/gui/common/highlight/highlight.tcl
/cad/synopsys/icc/2011.09-SP1/auxx/gui/common/misc/base.tcl
/cad/synopsys/icc/2011.09-SP1/auxx/gui/common/misc/timing.tcl
/cad/synopsys/icc/2011.09-SP1/auxx/gui/common/misc/setting.tcl
/cad/synopsys/icc/2011.09-SP1/auxx/gui/common/docBrowser/docBrowser.tcl
/cad/synopsys/icc/2011.09-SP1/auxx/tcllib/snps_tcl/snpsUtils/snpsUtils.tcl
/cad/synopsys/icc/2011.09-SP1/auxx/gui/common/WindowFrameWork/windowFrameWork.tcl
/cad/synopsys/icc/2011.09-SP1/auxx/gui/common/WindowFrameWork/skipBusyCursorCmdList.tcl
/cad/synopsys/icc/2011.09-SP1/auxx/gui/common/dialogs/ObjectChooser.tcl
/cad/synopsys/icc/2011.09-SP1/auxx/gui/common/misc/DialogObjectChooser.tcl
/cad/synopsys/icc/2011.09-SP1/auxx/gui/common/dialogs/HistBinInformation.tcl
/cad/synopsys/icc/2011.09-SP1/auxx/gui/common/dialogs/HistBin1Information.tcl
/cad/synopsys/icc/2011.09-SP1/auxx/gui/common/dialogs/BinsOnlyInformation.tcl
/cad/synopsys/icc/2011.09-SP1/auxx/gui/common/dialogs/FileChooser.tcl
/cad/synopsys/icc/2011.09-SP1/auxx/gui/common/dialogs/PathPinSimpleInfo.tcl
/cad/synopsys/icc/2011.09-SP1/auxx/gui/common/dialogs/PathsBasicInfo.tcl
/cad/synopsys/icc/2011.09-SP1/auxx/gui/common/dialogs/PathsBasicSimpleInfo.tcl
/cad/synopsys/icc/2011.09-SP1/auxx/gui/common/dialogs/SlctOperationInfo.tcl
/cad/synopsys/icc/2011.09-SP1/auxx/gui/common/dialogs/ObjectListInfo.tcl
/cad/synopsys/icc/2011.09-SP1/auxx/gui/common/dialogs/FanInOutInfo.tcl
/cad/synopsys/icc/2011.09-SP1/auxx/gui/common/dialogs/NumberOfLevelsChooser.tcl
/cad/synopsys/icc/2011.09-SP1/auxx/gui/common/dialogs/WindowReuseInfo.tcl
/cad/synopsys/icc/2011.09-SP1/auxx/gui/common/dialogs/ReportOutputOptionInfo.tcl
/cad/synopsys/icc/2011.09-SP1/auxx/gui/common/setup/snpsCollections.tcl
/cad/synopsys/icc/2011.09-SP1/auxx/gui/common/dialogs/CompileLinkDesign.tcl
/cad/synopsys/icc/2011.09-SP1/auxx/gui/common/histogram/DialogEndpointSlack.tcl
/cad/synopsys/icc/2011.09-SP1/auxx/gui/common/histogram/DialogPathsSlack.tcl
/cad/synopsys/icc/2011.09-SP1/auxx/gui/common/histogram/DialogNetCapacitance.tcl
/cad/synopsys/icc/2011.09-SP1/auxx/gui/common/schematic/DialogPathSchematicFanInOut.tcl
/cad/synopsys/icc/2011.09-SP1/auxx/gui/common/schematic/DialogPathSchematicAddPaths.tcl
/cad/synopsys/icc/2011.09-SP1/auxx/gui/common/layout/preferences.tcl
/rsgs/file0/greatmd/david/abl/OST2/OST2.design/design/sys/synopsys/script/build_qtms.tcl
/rsgs/file0/greatmd/david/abl/OST2/OST2.design/design/sys/synopsys/script/pnr_lib_setup.tcl
/rsgs/file0/greatmd/david/abl/OST2/OST2.design/design/sys/synopsys/script/target_lib.scr
/rsgs/file0/greatmd/david/abl/OST2/OST2.design/design/sys/iop/spc/synopsys/bb/mw_lib
/rsgs/scratch0/eccheng/libs/tsmc/package.2013.05.10/STD/TSMCHOME/digital/Back_End/lef/tcbn28hpmbwp35_110a/milkyway/tsmc28.tf
/rsgs/file0/greatmd/david/abl/OST2/OST2.design/design/sys/iop/spc/synopsys/bb/mw_lib
/rsgs/file0/greatmd/david/abl/OST2/OST2.design/pnr_lib/1p9m.tluplus
/rsgs/file0/greatmd/david/abl/OST2/OST2.design/pnr_lib/1p9m.tluplus
/rsgs/file0/greatmd/david/abl/OST2/OST2.design/design/sys/synopsys/script/qtm_scripts/n2_frf_mp_256x78_cust.qtm.tcl
/cad/synopsys/icc/2011.09-SP1/libraries/syn/gtech.db
/cad/synopsys/icc/2011.09-SP1/libraries/syn/standard.sldb
